2025-02-04 05:47:27,275 - __main__ - INFO - Début de l'analyse des données bancaires
2025-02-04 05:47:27,275 - data_loader - INFO - Chargement des données depuis SQLite
2025-02-04 05:47:27,275 - data_loader - INFO - Tentative de connexion à la base de données: /Users/aubepine/Documents/Code/R6C05 Data/SQLite/bankdata.db
2025-02-04 05:47:27,278 - data_loader - INFO - Connexion réussie. Nombre de transactions: 594643
2025-02-04 05:47:27,278 - data_loader - INFO - Exécution de la requête SQL
2025-02-04 05:47:27,813 - data_loader - INFO - Données chargées avec succès: 594643 lignes
2025-02-04 05:47:27,945 - data_loader - INFO - Données chargées et nettoyées avec succès: 594643 lignes
2025-02-04 05:47:27,992 - __main__ - INFO - Informations sur le dataset :
total_transactions      594643.00
unique_customers          4112.00
unique_merchants            50.00
total_amount          22531103.73
fraud_count               7200.00
fraud_rate                   1.21
dtype: float64
2025-02-04 05:47:27,992 - descriptive_analysis - INFO - Début de l'analyse descriptive
2025-02-04 05:47:28,487 - utils - INFO - Résultats sauvegardés dans /Users/aubepine/Documents/Code/R6C05 Data/Results/descriptive_category_analysis_20250204.csv
2025-02-04 05:47:28,487 - utils - INFO - Résultats sauvegardés dans /Users/aubepine/Documents/Code/R6C05 Data/Results/descriptive_amount_analysis_20250204.csv
2025-02-04 05:47:28,487 - utils - INFO - Résultats sauvegardés dans /Users/aubepine/Documents/Code/R6C05 Data/Results/descriptive_demographic_analysis_20250204.csv
2025-02-04 05:47:28,487 - descriptive_analysis - INFO - Analyse descriptive terminée
2025-02-04 05:47:28,487 - temporal_analysis - INFO - Début de l'analyse temporelle
2025-02-04 05:47:28,526 - utils - INFO - Résultats sauvegardés dans /Users/aubepine/Documents/Code/R6C05 Data/Results/temporal_daily_analysis_20250204.csv
2025-02-04 05:47:28,526 - utils - INFO - Résultats sauvegardés dans /Users/aubepine/Documents/Code/R6C05 Data/Results/temporal_fraud_temporal_20250204.csv
2025-02-04 05:47:28,526 - temporal_analysis - INFO - Analyse temporelle terminée
2025-02-04 05:47:28,526 - fraud_analysis - INFO - Début de l'analyse des fraudes
2025-02-04 05:47:28,598 - utils - INFO - Résultats sauvegardés dans /Users/aubepine/Documents/Code/R6C05 Data/Results/fraud_amount_fraud_20250204.csv
2025-02-04 05:47:28,599 - utils - INFO - Résultats sauvegardés dans /Users/aubepine/Documents/Code/R6C05 Data/Results/fraud_merchant_fraud_20250204.csv
2025-02-04 05:47:28,599 - utils - INFO - Résultats sauvegardés dans /Users/aubepine/Documents/Code/R6C05 Data/Results/fraud_category_fraud_20250204.csv
2025-02-04 05:47:28,599 - utils - INFO - Résultats sauvegardés dans /Users/aubepine/Documents/Code/R6C05 Data/Results/fraud_demographic_fraud_20250204.csv
2025-02-04 05:47:28,599 - fraud_analysis - INFO - Analyse des fraudes terminée
2025-02-04 05:47:28,599 - anomaly_detection - INFO - Début de la détection d'anomalies
2025-02-04 05:47:28,666 - utils - INFO - Résultats sauvegardés dans /Users/aubepine/Documents/Code/R6C05 Data/Results/anomaly_transaction_anomalies_20250204.csv
2025-02-04 05:47:28,670 - utils - INFO - Résultats sauvegardés dans /Users/aubepine/Documents/Code/R6C05 Data/Results/anomaly_customer_anomalies_20250204.csv
2025-02-04 05:47:28,671 - utils - INFO - Résultats sauvegardés dans /Users/aubepine/Documents/Code/R6C05 Data/Results/anomaly_merchant_anomalies_20250204.csv
2025-02-04 05:47:28,671 - anomaly_detection - INFO - Détection d'anomalies terminée
2025-02-04 05:47:28,671 - __main__ - INFO - Génération des visualisations de base
2025-02-04 05:47:28,671 - visualization - INFO - Génération des visualisations
2025-02-04 05:47:30,101 - visualization - INFO - Visualisations sauvegardées dans /Users/aubepine/Documents/Code/R6C05 Data/Results/Figures
2025-02-04 05:47:30,101 - __main__ - INFO - Génération du dashboard KPI
2025-02-04 05:47:31,671 - __main__ - INFO - Analyse des patterns temporels
2025-02-04 05:47:32,924 - __main__ - INFO - Analyse des cycles
2025-02-04 05:47:34,026 - __main__ - INFO - Analyse de la distribution des montants
2025-02-04 05:47:35,850 - __main__ - INFO - Analyse terminée en 8.58 secondes
2025-02-04 05:47:35,867 - data_loader - INFO - Fermeture de la connexion à la base de données
